<?xml version="1.0" encoding="UTF-8"?>
<testng-results ignored="0" total="1" passed="1" failed="0" skipped="0">
  <reporter-output>
  </reporter-output>
  <suite started-at="2023-06-20T17:34:55 IST" name="WPL Test Suite" finished-at="2023-06-20T17:35:11 IST" duration-ms="15108">
    <groups>
    </groups>
    <test started-at="2023-06-20T17:34:55 IST" name="WPL Highest Scores Validation" finished-at="2023-06-20T17:35:11 IST" duration-ms="15108">
      <class name="tests.WPLAutomationTest">
        <test-method is-config="true" signature="setup()[pri:0, instance:tests.WPLAutomationTest@73e9cf30]" started-at="2023-06-20T17:34:56 IST" name="setup" finished-at="2023-06-20T17:35:04 IST" duration-ms="8852" status="PASS">
          <reporter-output>
          </reporter-output>
        </test-method> <!-- setup -->
        <test-method signature="testPlayersHighestScore()[pri:0, instance:tests.WPLAutomationTest@73e9cf30]" started-at="2023-06-20T17:35:04 IST" name="testPlayersHighestScore" finished-at="2023-06-20T17:35:10 IST" duration-ms="5906" status="PASS">
          <reporter-output>
          </reporter-output>
        </test-method> <!-- testPlayersHighestScore -->
        <test-method is-config="true" signature="cleanUp()[pri:0, instance:tests.WPLAutomationTest@73e9cf30]" started-at="2023-06-20T17:35:10 IST" name="cleanUp" finished-at="2023-06-20T17:35:11 IST" duration-ms="276" status="PASS">
          <reporter-output>
          </reporter-output>
        </test-method> <!-- cleanUp -->
      </class> <!-- tests.WPLAutomationTest -->
    </test> <!-- WPL Highest Scores Validation -->
  </suite> <!-- WPL Test Suite -->
</testng-results>
